<?xml version="1.0" encoding="UTF-8"?>
<coverage generated="1730976581952" clover="3.2.0">
  <project timestamp="1730976581952" name="All files">
    <metrics statements="33" coveredstatements="17" conditionals="11" coveredconditionals="5" methods="12" coveredmethods="5" elements="56" coveredelements="27" complexity="0" loc="33" ncloc="33" packages="4" files="7" classes="7"/>
    <package name="snapshot">
      <metrics statements="5" coveredstatements="0" conditionals="2" coveredconditionals="0" methods="4" coveredmethods="0"/>
      <file name="getSnapshot.ts" path="C:\Users\James Mcgowan\OneDrive - RPC UK Limited\snapshot-management\src\snapshot\getSnapshot.ts">
        <metrics statements="4" coveredstatements="0" conditionals="2" coveredconditionals="0" methods="2" coveredmethods="0"/>
        <line num="7" count="0" type="stmt"/>
        <line num="8" count="0" type="cond" truecount="0" falsecount="2"/>
        <line num="9" count="0" type="stmt"/>
        <line num="11" count="0" type="stmt"/>
      </file>
      <file name="hasAllKeys.ts" path="C:\Users\James Mcgowan\OneDrive - RPC UK Limited\snapshot-management\src\snapshot\hasAllKeys.ts">
        <metrics statements="1" coveredstatements="0" conditionals="0" coveredconditionals="0" methods="2" coveredmethods="0"/>
        <line num="3" count="0" type="stmt"/>
      </file>
    </package>
    <package name="snapshot.ct">
      <metrics statements="6" coveredstatements="2" conditionals="1" coveredconditionals="0" methods="2" coveredmethods="0"/>
      <file name="getCTSnapshot.ts" path="C:\Users\James Mcgowan\OneDrive - RPC UK Limited\snapshot-management\src\snapshot\ct\getCTSnapshot.ts">
        <metrics statements="5" coveredstatements="1" conditionals="1" coveredconditionals="0" methods="2" coveredmethods="0"/>
        <line num="5" count="1" type="stmt"/>
        <line num="8" count="0" type="stmt"/>
        <line num="9" count="0" type="stmt"/>
        <line num="11" count="0" type="stmt"/>
        <line num="27" count="0" type="stmt"/>
      </file>
      <file name="types.ts" path="C:\Users\James Mcgowan\OneDrive - RPC UK Limited\snapshot-management\src\snapshot\ct\types.ts">
        <metrics statements="1" coveredstatements="1" conditionals="0" coveredconditionals="0" methods="0" coveredmethods="0"/>
        <line num="1" count="1" type="stmt"/>
      </file>
    </package>
    <package name="unifier.api.udr">
      <metrics statements="16" coveredstatements="15" conditionals="6" coveredconditionals="5" methods="5" coveredmethods="5"/>
      <file name="getUDR.ts" path="C:\Users\James Mcgowan\OneDrive - RPC UK Limited\snapshot-management\src\unifier\api\udr\getUDR.ts">
        <metrics statements="6" coveredstatements="5" conditionals="3" coveredconditionals="2" methods="1" coveredmethods="1"/>
        <line num="20" count="1" type="stmt"/>
        <line num="24" count="1" type="stmt"/>
        <line num="26" count="1" type="stmt"/>
        <line num="29" count="1" type="cond" truecount="1" falsecount="1"/>
        <line num="30" count="1" type="stmt"/>
        <line num="32" count="0" type="stmt"/>
      </file>
      <file name="udrParser.ts" path="C:\Users\James Mcgowan\OneDrive - RPC UK Limited\snapshot-management\src\unifier\api\udr\udrParser.ts">
        <metrics statements="10" coveredstatements="10" conditionals="3" coveredconditionals="3" methods="4" coveredmethods="4"/>
        <line num="43" count="1" type="stmt"/>
        <line num="44" count="1" type="stmt"/>
        <line num="46" count="1" type="stmt"/>
        <line num="47" count="53" type="stmt"/>
        <line num="48" count="636" type="stmt"/>
        <line num="57" count="1" type="stmt"/>
        <line num="69" count="636" type="cond" truecount="3" falsecount="0"/>
        <line num="72" count="106" type="stmt"/>
        <line num="75" count="53" type="stmt"/>
        <line num="77" count="477" type="stmt"/>
      </file>
    </package>
    <package name="unifier.lib">
      <metrics statements="6" coveredstatements="0" conditionals="2" coveredconditionals="0" methods="1" coveredmethods="0"/>
      <file name="UnifierError.ts" path="C:\Users\James Mcgowan\OneDrive - RPC UK Limited\snapshot-management\src\unifier\lib\UnifierError.ts">
        <metrics statements="6" coveredstatements="0" conditionals="2" coveredconditionals="0" methods="1" coveredmethods="0"/>
        <line num="8" count="0" type="cond" truecount="0" falsecount="2"/>
        <line num="10" count="0" type="stmt"/>
        <line num="11" count="0" type="stmt"/>
        <line num="12" count="0" type="stmt"/>
        <line num="13" count="0" type="stmt"/>
        <line num="14" count="0" type="stmt"/>
      </file>
    </package>
  </project>
</coverage>
