TN:
SF:src\snapshot\getSnapshot.ts
FN:6,getSnapshot
FN:8,(anonymous_1)
FNF:2
FNH:0
FNDA:0,getSnapshot
FNDA:0,(anonymous_1)
DA:7,0
DA:8,0
DA:9,0
DA:11,0
LF:4
LH:0
BRDA:8,0,0,0
BRDA:8,0,1,0
BRF:2
BRH:0
end_of_record
TN:
SF:src\snapshot\hasAllKeys.ts
FN:2,hasAllKeys
FN:3,(anonymous_1)
FNF:2
FNH:0
FNDA:0,hasAllKeys
FNDA:0,(anonymous_1)
DA:3,0
LF:1
LH:0
BRF:0
BRH:0
end_of_record
TN:
SF:src\snapshot\ct\getCTSnapshot.ts
FN:7,getCTSnapshot
FN:11,(anonymous_1)
FNF:2
FNH:0
FNDA:0,getCTSnapshot
FNDA:0,(anonymous_1)
DA:5,1
DA:8,0
DA:9,0
DA:11,0
DA:27,0
LF:5
LH:1
BRDA:7,0,0,0
BRF:1
BRH:0
end_of_record
TN:
SF:src\snapshot\ct\types.ts
FNF:0
FNH:0
DA:1,1
LF:1
LH:1
BRF:0
BRH:0
end_of_record
TN:
SF:src\unifier\api\udr\getUDR.ts
FN:13,getUDR
FNF:1
FNH:1
FNDA:1,getUDR
DA:20,1
DA:24,1
DA:26,1
DA:29,1
DA:30,1
DA:32,0
LF:6
LH:5
BRDA:16,0,0,1
BRDA:29,1,0,1
BRDA:29,1,1,0
BRF:3
BRH:2
end_of_record
TN:
SF:src\unifier\api\udr\udrParser.ts
FN:42,udrParser
FN:46,(anonymous_1)
FN:48,(anonymous_2)
FN:68,parseValue
FNF:4
FNH:4
FNDA:1,udrParser
FNDA:53,(anonymous_1)
FNDA:636,(anonymous_2)
FNDA:636,parseValue
DA:43,1
DA:44,1
DA:46,1
DA:47,53
DA:48,636
DA:57,1
DA:69,636
DA:72,106
DA:75,53
DA:77,477
LF:10
LH:10
BRDA:69,0,0,106
BRDA:69,0,1,53
BRDA:69,0,2,477
BRF:3
BRH:3
end_of_record
TN:
SF:src\unifier\lib\UnifierError.ts
FN:7,(anonymous_0)
FNF:1
FNH:0
FNDA:0,(anonymous_0)
DA:8,0
DA:10,0
DA:11,0
DA:12,0
DA:13,0
DA:14,0
LF:6
LH:0
BRDA:8,0,0,0
BRDA:8,0,1,0
BRF:2
BRH:0
end_of_record
